<?xml version="1.0" encoding="UTF-8"?>
<!-- Generated by org.testng.reporters.JUnitReportReporter -->
<testsuite hostname="DESKTOP-6NLN9VT" failures="0" tests="1" name="com.bridgelabz.qa.allurereports.AllureReporting" time="9.302" errors="0" timestamp="2023-03-14T19:54:33 IST" skipped="0">
  <testcase classname="com.bridgelabz.qa.allurereports.AllureReporting" name="validateTitle" time="9.302"/>
  <system-out/>
</testsuite> <!-- com.bridgelabz.qa.allurereports.AllureReporting -->
