<?xml version="1.0" encoding="UTF-8"?>
<!-- Generated by org.testng.reporters.JUnitReportReporter -->
<testsuite hostname="DESKTOP-6NLN9VT" failures="0" tests="4" name="com.bridgelabz.qa.datadriven.DataDriven_Framework" time="262.399" errors="0" timestamp="2023-03-15T19:30:26 IST" skipped="0">
  <testcase classname="com.bridgelabz.qa.datadriven.DataDriven_Framework" name="login" time="224.347"/>
  <system-out/>
  <testcase classname="com.bridgelabz.qa.datadriven.DataDriven_Framework" name="login" time="11.603"/>
  <system-out/>
  <testcase classname="com.bridgelabz.qa.datadriven.DataDriven_Framework" name="login" time="14.117"/>
  <system-out/>
  <testcase classname="com.bridgelabz.qa.datadriven.DataDriven_Framework" name="login" time="12.332"/>
  <system-out/>
</testsuite> <!-- com.bridgelabz.qa.datadriven.DataDriven_Framework -->
