<?xml version="1.0" encoding="UTF-8"?>
<!-- Generated by org.testng.reporters.JUnitReportReporter -->
<testsuite hostname="DESKTOP-6NLN9VT" failures="0" tests="1" name="com.bridgelabz.qa.extendreports.ExtendReports" time="9.717" errors="0" timestamp="2023-03-14T19:55:45 IST" skipped="0">
  <testcase classname="com.bridgelabz.qa.extendreports.ExtendReports" name="extendReports" time="9.717"/>
  <system-out/>
</testsuite> <!-- com.bridgelabz.qa.extendreports.ExtendReports -->
